#
# There is insufficient memory for the Java Runtime Environment to continue.
# Native memory allocation (malloc) failed to allocate 32744 bytes for ChunkPool::allocate
# Possible reasons:
#   The system is out of physical RAM or swap space
#   The process is running with CompressedOops enabled, and the Java Heap may be blocking the growth of the native heap
# Possible solutions:
#   Reduce memory load on the system
#   Increase physical memory or swap space
#   Check if swap backing store is full
#   Decrease Java heap size (-Xmx/-Xms)
#   Decrease number of Java threads
#   Decrease Java thread stack sizes (-Xss)
#   Set larger code cache with -XX:ReservedCodeCacheSize=
#   JVM is running with Unscaled Compressed Oops mode in which the Java heap is
#     placed in the first 4GB address space. The Java Heap base address is the
#     maximum limit for the native heap growth. Please use -XX:HeapBaseMinAddress
#     to set the Java Heap base and to place the Java Heap above 4GB virtual address.
# This output file may be truncated or incomplete.
#
#  Out of Memory Error (./src/hotspot/share/memory/arena.cpp:81), pid=5128, tid=5568
#
# JRE version: OpenJDK Runtime Environment Temurin-11.0.16.1+1 (11.0.16.1+1) (build 11.0.16.1+1)
# Java VM: OpenJDK 64-Bit Server VM Temurin-11.0.16.1+1 (11.0.16.1+1, mixed mode, tiered, compressed oops, g1 gc, windows-amd64)
# No core dump will be written. Minidumps are not enabled by default on client versions of Windows
#

---------------  S U M M A R Y ------------

Command Line: -Dorg.gradle.internal.worker.tmpdir=D:\WorkSpace\WorkSpace-MindHub\Modulo-Java\HomeBanking-task-3\build\tmp\test\work -Dorg.gradle.native=false -Xmx512m -Dfile.encoding=windows-1252 -Duser.country=AR -Duser.language=es -Duser.variant -ea worker.org.gradle.process.internal.worker.GradleWorkerMain 'Gradle Test Executor 2'

Host: AMD FX(tm)-6300 Six-Core Processor             , 6 cores, 7G,  Windows 10 , 64 bit Build 19041 (10.0.19041.2364)
Time: Fri Jan 27 19:17:51 2023 Hora estándar de Argentina elapsed time: 3.226347 seconds (0d 0h 0m 3s)

---------------  T H R E A D  ---------------

Current thread (0x0000015cc1c54800):  VMThread "VM Thread" [stack: 0x0000001021a00000,0x0000001021b00000] [id=5568]

Stack: [0x0000001021a00000,0x0000001021b00000]
[error occurred during error reporting (printing stack bounds), id 0xc0000005, EXCEPTION_ACCESS_VIOLATION (0xc0000005) at pc=0x0000015cae8b112d]

Native frames: (J=compiled Java code, j=interpreted, Vv=VM code, C=native code)
V  [jvm.dll+0x61f18a]
V  [jvm.dll+0x7abb09]
V  [jvm.dll+0x7ad1f8]
V  [jvm.dll+0x7ad835]
V  [jvm.dll+0x7ad7eb]
V  [jvm.dll+0x61e517]
V  [jvm.dll+0x61ec28]
C  [ntdll.dll+0xa241f]
C  [ntdll.dll+0x514a4]
C  [ntdll.dll+0xa0f4e]
C  0x0000015cae8b112d

VM_Operation (0x00000010231fcf90): RevokeBias, mode: safepoint, requested by thread 0x0000015cc40c3000


---------------  P R O C E S S  ---------------

Threads class SMR info:
_java_thread_list=0x0000015cc53a8e30, length=15, elements={
0x0000015ca498b800, 0x0000015cc1c79800, 0x0000015cc1c82800, 0x0000015cc1c97800,
0x0000015cc1c98800, 0x0000015cc1c9c800, 0x0000015cc1ca0000, 0x0000015cc1ca4000,
0x0000015cc1cab000, 0x0000015cc2745800, 0x0000015cc2c66800, 0x0000015cc3215800,
0x0000015cc3271000, 0x0000015cc3386000, 0x0000015cc40c3000
}

Java Threads: ( => current thread )
  0x0000015ca498b800 JavaThread "Test worker" [_thread_blocked, id=6292, stack(0x0000001021400000,0x0000001021500000)]
  0x0000015cc1c79800 JavaThread "Reference Handler" daemon [_thread_blocked, id=8280, stack(0x0000001021b00000,0x0000001021c00000)]
  0x0000015cc1c82800 JavaThread "Finalizer" daemon [_thread_blocked, id=5168, stack(0x0000001021c00000,0x0000001021d00000)]
  0x0000015cc1c97800 JavaThread "Signal Dispatcher" daemon [_thread_blocked, id=1160, stack(0x0000001021d00000,0x0000001021e00000)]
  0x0000015cc1c98800 JavaThread "Attach Listener" daemon [_thread_blocked, id=9684, stack(0x0000001021e00000,0x0000001021f00000)]
  0x0000015cc1c9c800 JavaThread "Service Thread" daemon [_thread_blocked, id=2724, stack(0x0000001021f00000,0x0000001022000000)]
  0x0000015cc1ca0000 JavaThread "C2 CompilerThread0" daemon [_thread_in_native, id=13072, stack(0x0000001022000000,0x0000001022100000)]
  0x0000015cc1ca4000 JavaThread "C1 CompilerThread0" daemon [_thread_blocked, id=2972, stack(0x0000001022100000,0x0000001022200000)]
  0x0000015cc1cab000 JavaThread "Sweeper thread" daemon [_thread_blocked, id=10276, stack(0x0000001022200000,0x0000001022300000)]
  0x0000015cc2745800 JavaThread "Common-Cleaner" daemon [_thread_blocked, id=5720, stack(0x0000001022400000,0x0000001022500000)]
  0x0000015cc2c66800 JavaThread "C2 CompilerThread1" daemon [_thread_blocked, id=3404, stack(0x0000001022500000,0x0000001022600000)]
  0x0000015cc3215800 JavaThread "/127.0.0.1:59922 to /127.0.0.1:59921 workers" [_thread_blocked, id=6376, stack(0x0000001022700000,0x0000001022800000)]
  0x0000015cc3271000 JavaThread "/127.0.0.1:59922 to /127.0.0.1:59921 workers Thread 2" [_thread_blocked, id=11444, stack(0x0000001022800000,0x0000001022900000)]
  0x0000015cc3386000 JavaThread "/127.0.0.1:59922 to /127.0.0.1:59921 workers Thread 3" [_thread_in_native, id=2536, stack(0x0000001022900000,0x0000001022a00000)]
  0x0000015cc40c3000 JavaThread "background-preinit" [_thread_blocked, id=5540, stack(0x0000001023100000,0x0000001023200000)]

Other Threads:
=>0x0000015cc1c54800 VMThread "VM Thread" [stack: 0x0000001021a00000,0x0000001021b00000] [id=5568]
  0x0000015cc279a800 WatcherThread [stack: 0x0000001022300000,0x0000001022400000] [id=5264]
  0x0000015ca49a3000 GCTaskThread "GC Thread#0" [stack: 0x0000001021500000,0x0000001021600000] [id=1068]
  0x0000015cc3413800 GCTaskThread "GC Thread#1" [stack: 0x0000001022a00000,0x0000001022b00000] [id=9700]
  0x0000015cc33a0800 GCTaskThread "GC Thread#2" [stack: 0x0000001022b00000,0x0000001022c00000] [id=2084]
  0x0000015cc33a1000 GCTaskThread "GC Thread#3" [stack: 0x0000001022c00000,0x0000001022d00000] [id=10416]
  0x0000015cc3424000 GCTaskThread "GC Thread#4" [stack: 0x0000001022d00000,0x0000001022e00000] [id=212]
  0x0000015cc3425000 GCTaskThread "GC Thread#5" [stack: 0x0000001022e00000,0x0000001022f00000] [id=10032]
  0x0000015ca49b6000 ConcurrentGCThread "G1 Main Marker" [stack: 0x0000001021600000,0x0000001021700000] [id=2348]
  0x0000015ca49b8000 ConcurrentGCThread "G1 Conc#0" [stack: 0x0000001021700000,0x0000001021800000] [id=1112]
  0x0000015cc3d5c800 ConcurrentGCThread "G1 Conc#1" [stack: 0x0000001023000000,0x0000001023100000] [id=5988]
  0x0000015cc1ac2800 ConcurrentGCThread "G1 Refine#0" [stack: 0x0000001021800000,0x0000001021900000] [id=12576]
  0x0000015cc28b0000 ConcurrentGCThread "G1 Refine#1" [stack: 0x0000001022f00000,0x0000001023000000] [id=10064]
  0x0000015cc1ac3000 ConcurrentGCThread "G1 Young RemSet Sampling" [stack: 0x0000001021900000,0x0000001021a00000] [id=13456]

Threads with active compile tasks:
C2 CompilerThread0     3255 2120       4       java.lang.invoke.LambdaForm$Name::replaceNames (174 bytes)
C1 CompilerThread0     3255 2198       3       java.util.BitSet::get (69 bytes)
C2 CompilerThread1     3255 1913       4       java.lang.invoke.MethodType::makeImpl (108 bytes)

VM state:at safepoint (normal execution)

VM Mutex/Monitor currently owned by a thread:  ([mutex/lock_event])
[0x0000015ca4986b20] Threads_lock - owner thread: 0x0000015cc1c54800

Heap address: 0x00000000e0000000, size: 512 MB, Compressed Oops mode: 32-bit
Narrow klass base: 0x0000000000000000, Narrow klass shift: 3
Compressed class space size: 1073741824 Address: 0x0000000100000000

Heap:
 garbage-first heap   total 131072K, used 39460K [0x00000000e0000000, 0x0000000100000000)
  region size 1024K, 31 young (31744K), 2 survivors (2048K)
 Metaspace       used 24099K, capacity 25053K, committed 25344K, reserved 1071104K
  class space    used 2852K, capacity 3215K, committed 3328K, reserved 1048576K
Heap Regions: E=young(eden), S=young(survivor), O=old, HS=humongous(starts), HC=humongous(continues), CS=collection set, F=free, A=archive, TAMS=top-at-mark-start (previous, next)
|   0|0x00000000e0000000, 0x00000000e0100000, 0x00000000e0100000|100%|HS|  |TAMS 0x00000000e0100000, 0x00000000e0000000| Complete 
|   1|0x00000000e0100000, 0x00000000e0200000, 0x00000000e0200000|100%| O|  |TAMS 0x00000000e0200000, 0x00000000e0100000| Untracked 
|   2|0x00000000e0200000, 0x00000000e0300000, 0x00000000e0300000|100%| O|  |TAMS 0x00000000e0300000, 0x00000000e0200000| Untracked 
|   3|0x00000000e0300000, 0x00000000e0400000, 0x00000000e0400000|100%| O|  |TAMS 0x00000000e0400000, 0x00000000e0300000| Untracked 
|   4|0x00000000e0400000, 0x00000000e0500000, 0x00000000e0500000|100%| O|  |TAMS 0x00000000e0500000, 0x00000000e0400000| Untracked 
|   5|0x00000000e0500000, 0x00000000e0600000, 0x00000000e0600000|100%| O|  |TAMS 0x00000000e0600000, 0x00000000e0500000| Untracked 
|   6|0x00000000e0600000, 0x00000000e0700000, 0x00000000e0700000|100%| O|  |TAMS 0x00000000e0700000, 0x00000000e0600000| Untracked 
|   7|0x00000000e0700000, 0x00000000e0800000, 0x00000000e0800000|100%| O|  |TAMS 0x00000000e0800000, 0x00000000e0700000| Untracked 
|   8|0x00000000e0800000, 0x00000000e08d3000, 0x00000000e0900000| 82%| O|  |TAMS 0x00000000e08d3000, 0x00000000e0800000| Untracked 
|   9|0x00000000e0900000, 0x00000000e0900000, 0x00000000e0a00000|  0%| F|  |TAMS 0x00000000e0900000, 0x00000000e0900000| Untracked 
|  10|0x00000000e0a00000, 0x00000000e0a00000, 0x00000000e0b00000|  0%| F|  |TAMS 0x00000000e0a00000, 0x00000000e0a00000| Untracked 
|  11|0x00000000e0b00000, 0x00000000e0b00000, 0x00000000e0c00000|  0%| F|  |TAMS 0x00000000e0b00000, 0x00000000e0b00000| Untracked 
|  12|0x00000000e0c00000, 0x00000000e0c00000, 0x00000000e0d00000|  0%| F|  |TAMS 0x00000000e0c00000, 0x00000000e0c00000| Untracked 
|  13|0x00000000e0d00000, 0x00000000e0d00000, 0x00000000e0e00000|  0%| F|  |TAMS 0x00000000e0d00000, 0x00000000e0d00000| Untracked 
|  14|0x00000000e0e00000, 0x00000000e0e00000, 0x00000000e0f00000|  0%| F|  |TAMS 0x00000000e0e00000, 0x00000000e0e00000| Untracked 
|  15|0x00000000e0f00000, 0x00000000e0f00000, 0x00000000e1000000|  0%| F|  |TAMS 0x00000000e0f00000, 0x00000000e0f00000| Untracked 
|  16|0x00000000e1000000, 0x00000000e1000000, 0x00000000e1100000|  0%| F|  |TAMS 0x00000000e1000000, 0x00000000e1000000| Untracked 
|  17|0x00000000e1100000, 0x00000000e1100000, 0x00000000e1200000|  0%| F|  |TAMS 0x00000000e1100000, 0x00000000e1100000| Untracked 
|  18|0x00000000e1200000, 0x00000000e1200000, 0x00000000e1300000|  0%| F|  |TAMS 0x00000000e1200000, 0x00000000e1200000| Untracked 
|  19|0x00000000e1300000, 0x00000000e1300000, 0x00000000e1400000|  0%| F|  |TAMS 0x00000000e1300000, 0x00000000e1300000| Untracked 
|  20|0x00000000e1400000, 0x00000000e1400000, 0x00000000e1500000|  0%| F|  |TAMS 0x00000000e1400000, 0x00000000e1400000| Untracked 
|  21|0x00000000e1500000, 0x00000000e1500000, 0x00000000e1600000|  0%| F|  |TAMS 0x00000000e1500000, 0x00000000e1500000| Untracked 
|  22|0x00000000e1600000, 0x00000000e1600000, 0x00000000e1700000|  0%| F|  |TAMS 0x00000000e1600000, 0x00000000e1600000| Untracked 
|  23|0x00000000e1700000, 0x00000000e1700000, 0x00000000e1800000|  0%| F|  |TAMS 0x00000000e1700000, 0x00000000e1700000| Untracked 
|  24|0x00000000e1800000, 0x00000000e1800000, 0x00000000e1900000|  0%| F|  |TAMS 0x00000000e1800000, 0x00000000e1800000| Untracked 
|  25|0x00000000e1900000, 0x00000000e1900000, 0x00000000e1a00000|  0%| F|  |TAMS 0x00000000e1900000, 0x00000000e1900000| Untracked 
|  26|0x00000000e1a00000, 0x00000000e1a00000, 0x00000000e1b00000|  0%| F|  |TAMS 0x00000000e1a00000, 0x00000000e1a00000| Untracked 
|  27|0x00000000e1b00000, 0x00000000e1b00000, 0x00000000e1c00000|  0%| F|  |TAMS 0x00000000e1b00000, 0x00000000e1b00000| Untracked 
|  28|0x00000000e1c00000, 0x00000000e1c00000, 0x00000000e1d00000|  0%| F|  |TAMS 0x00000000e1c00000, 0x00000000e1c00000| Untracked 
|  29|0x00000000e1d00000, 0x00000000e1d00000, 0x00000000e1e00000|  0%| F|  |TAMS 0x00000000e1d00000, 0x00000000e1d00000| Untracked 
|  30|0x00000000e1e00000, 0x00000000e1e00000, 0x00000000e1f00000|  0%| F|  |TAMS 0x00000000e1e00000, 0x00000000e1e00000| Untracked 
|  31|0x00000000e1f00000, 0x00000000e1f00000, 0x00000000e2000000|  0%| F|  |TAMS 0x00000000e1f00000, 0x00000000e1f00000| Untracked 
|  32|0x00000000e2000000, 0x00000000e2000000, 0x00000000e2100000|  0%| F|  |TAMS 0x00000000e2000000, 0x00000000e2000000| Untracked 
|  33|0x00000000e2100000, 0x00000000e2100000, 0x00000000e2200000|  0%| F|  |TAMS 0x00000000e2100000, 0x00000000e2100000| Untracked 
|  34|0x00000000e2200000, 0x00000000e2200000, 0x00000000e2300000|  0%| F|  |TAMS 0x00000000e2200000, 0x00000000e2200000| Untracked 
|  35|0x00000000e2300000, 0x00000000e2300000, 0x00000000e2400000|  0%| F|  |TAMS 0x00000000e2300000, 0x00000000e2300000| Untracked 
|  36|0x00000000e2400000, 0x00000000e2400000, 0x00000000e2500000|  0%| F|  |TAMS 0x00000000e2400000, 0x00000000e2400000| Untracked 
|  37|0x00000000e2500000, 0x00000000e2500000, 0x00000000e2600000|  0%| F|  |TAMS 0x00000000e2500000, 0x00000000e2500000| Untracked 
|  38|0x00000000e2600000, 0x00000000e2600000, 0x00000000e2700000|  0%| F|  |TAMS 0x00000000e2600000, 0x00000000e2600000| Untracked 
|  39|0x00000000e2700000, 0x00000000e2700000, 0x00000000e2800000|  0%| F|  |TAMS 0x00000000e2700000, 0x00000000e2700000| Untracked 
|  40|0x00000000e2800000, 0x00000000e2800000, 0x00000000e2900000|  0%| F|  |TAMS 0x00000000e2800000, 0x00000000e2800000| Untracked 
|  41|0x00000000e2900000, 0x00000000e2900000, 0x00000000e2a00000|  0%| F|  |TAMS 0x00000000e2900000, 0x00000000e2900000| Untracked 
|  42|0x00000000e2a00000, 0x00000000e2a00000, 0x00000000e2b00000|  0%| F|  |TAMS 0x00000000e2a00000, 0x00000000e2a00000| Untracked 
|  43|0x00000000e2b00000, 0x00000000e2b00000, 0x00000000e2c00000|  0%| F|  |TAMS 0x00000000e2b00000, 0x00000000e2b00000| Untracked 
|  44|0x00000000e2c00000, 0x00000000e2c00000, 0x00000000e2d00000|  0%| F|  |TAMS 0x00000000e2c00000, 0x00000000e2c00000| Untracked 
|  45|0x00000000e2d00000, 0x00000000e2d00000, 0x00000000e2e00000|  0%| F|  |TAMS 0x00000000e2d00000, 0x00000000e2d00000| Untracked 
|  46|0x00000000e2e00000, 0x00000000e2e00000, 0x00000000e2f00000|  0%| F|  |TAMS 0x00000000e2e00000, 0x00000000e2e00000| Untracked 
|  47|0x00000000e2f00000, 0x00000000e2f00000, 0x00000000e3000000|  0%| F|  |TAMS 0x00000000e2f00000, 0x00000000e2f00000| Untracked 
|  48|0x00000000e3000000, 0x00000000e3000000, 0x00000000e3100000|  0%| F|  |TAMS 0x00000000e3000000, 0x00000000e3000000| Untracked 
|  49|0x00000000e3100000, 0x00000000e3100000, 0x00000000e3200000|  0%| F|  |TAMS 0x00000000e3100000, 0x00000000e3100000| Untracked 
|  50|0x00000000e3200000, 0x00000000e3200000, 0x00000000e3300000|  0%| F|  |TAMS 0x00000000e3200000, 0x00000000e3200000| Untracked 
|  51|0x00000000e3300000, 0x00000000e3300000, 0x00000000e3400000|  0%| F|  |TAMS 0x00000000e3300000, 0x00000000e3300000| Untracked 
|  52|0x00000000e3400000, 0x00000000e3400000, 0x00000000e3500000|  0%| F|  |TAMS 0x00000000e3400000, 0x00000000e3400000| Untracked 
|  53|0x00000000e3500000, 0x00000000e3500000, 0x00000000e3600000|  0%| F|  |TAMS 0x00000000e3500000, 0x00000000e3500000| Untracked 
|  54|0x00000000e3600000, 0x00000000e3600000, 0x00000000e3700000|  0%| F|  |TAMS 0x00000000e3600000, 0x00000000e3600000| Untracked 
|  55|0x00000000e3700000, 0x00000000e3700000, 0x00000000e3800000|  0%| F|  |TAMS 0x00000000e3700000, 0x00000000e3700000| Untracked 
|  56|0x00000000e3800000, 0x00000000e3800000, 0x00000000e3900000|  0%| F|  |TAMS 0x00000000e3800000, 0x00000000e3800000| Untracked 
|  57|0x00000000e3900000, 0x00000000e3900000, 0x00000000e3a00000|  0%| F|  |TAMS 0x00000000e3900000, 0x00000000e3900000| Untracked 
|  58|0x00000000e3a00000, 0x00000000e3a00000, 0x00000000e3b00000|  0%| F|  |TAMS 0x00000000e3a00000, 0x00000000e3a00000| Untracked 
|  59|0x00000000e3b00000, 0x00000000e3b00000, 0x00000000e3c00000|  0%| F|  |TAMS 0x00000000e3b00000, 0x00000000e3b00000| Untracked 
|  60|0x00000000e3c00000, 0x00000000e3c00000, 0x00000000e3d00000|  0%| F|  |TAMS 0x00000000e3c00000, 0x00000000e3c00000| Untracked 
|  61|0x00000000e3d00000, 0x00000000e3d00000, 0x00000000e3e00000|  0%| F|  |TAMS 0x00000000e3d00000, 0x00000000e3d00000| Untracked 
|  62|0x00000000e3e00000, 0x00000000e3e00000, 0x00000000e3f00000|  0%| F|  |TAMS 0x00000000e3e00000, 0x00000000e3e00000| Untracked 
|  63|0x00000000e3f00000, 0x00000000e3f00000, 0x00000000e4000000|  0%| F|  |TAMS 0x00000000e3f00000, 0x00000000e3f00000| Untracked 
|  64|0x00000000e4000000, 0x00000000e4000000, 0x00000000e4100000|  0%| F|  |TAMS 0x00000000e4000000, 0x00000000e4000000| Untracked 
|  65|0x00000000e4100000, 0x00000000e4100000, 0x00000000e4200000|  0%| F|  |TAMS 0x00000000e4100000, 0x00000000e4100000| Untracked 
|  66|0x00000000e4200000, 0x00000000e4200000, 0x00000000e4300000|  0%| F|  |TAMS 0x00000000e4200000, 0x00000000e4200000| Untracked 
|  67|0x00000000e4300000, 0x00000000e4300000, 0x00000000e4400000|  0%| F|  |TAMS 0x00000000e4300000, 0x00000000e4300000| Untracked 
|  68|0x00000000e4400000, 0x00000000e4400000, 0x00000000e4500000|  0%| F|  |TAMS 0x00000000e4400000, 0x00000000e4400000| Untracked 
|  69|0x00000000e4500000, 0x00000000e4500000, 0x00000000e4600000|  0%| F|  |TAMS 0x00000000e4500000, 0x00000000e4500000| Untracked 
|  70|0x00000000e4600000, 0x00000000e4600000, 0x00000000e4700000|  0%| F|  |TAMS 0x00000000e4600000, 0x00000000e4600000| Untracked 
|  71|0x00000000e4700000, 0x00000000e4700000, 0x00000000e4800000|  0%| F|  |TAMS 0x00000000e4700000, 0x00000000e4700000| Untracked 
|  72|0x00000000e4800000, 0x00000000e4800000, 0x00000000e4900000|  0%| F|  |TAMS 0x00000000e4800000, 0x00000000e4800000| Untracked 
|  73|0x00000000e4900000, 0x00000000e4900000, 0x00000000e4a00000|  0%| F|  |TAMS 0x00000000e4900000, 0x00000000e4900000| Untracked 
|  74|0x00000000e4a00000, 0x00000000e4a00000, 0x00000000e4b00000|  0%| F|  |TAMS 0x00000000e4a00000, 0x00000000e4a00000| Untracked 
|  75|0x00000000e4b00000, 0x00000000e4b00000, 0x00000000e4c00000|  0%| F|  |TAMS 0x00000000e4b00000, 0x00000000e4b00000| Untracked 
|  76|0x00000000e4c00000, 0x00000000e4c00000, 0x00000000e4d00000|  0%| F|  |TAMS 0x00000000e4c00000, 0x00000000e4c00000| Untracked 
|  77|0x00000000e4d00000, 0x00000000e4d00000, 0x00000000e4e00000|  0%| F|  |TAMS 0x00000000e4d00000, 0x00000000e4d00000| Untracked 
|  78|0x00000000e4e00000, 0x00000000e4e00000, 0x00000000e4f00000|  0%| F|  |TAMS 0x00000000e4e00000, 0x00000000e4e00000| Untracked 
|  79|0x00000000e4f00000, 0x00000000e4f00000, 0x00000000e5000000|  0%| F|  |TAMS 0x00000000e4f00000, 0x00000000e4f00000| Untracked 
|  80|0x00000000e5000000, 0x00000000e5000000, 0x00000000e5100000|  0%| F|  |TAMS 0x00000000e5000000, 0x00000000e5000000| Untracked 
|  81|0x00000000e5100000, 0x00000000e5100000, 0x00000000e5200000|  0%| F|  |TAMS 0x00000000e5100000, 0x00000000e5100000| Untracked 
|  82|0x00000000e5200000, 0x00000000e5200000, 0x00000000e5300000|  0%| F|  |TAMS 0x00000000e5200000, 0x00000000e5200000| Untracked 
|  83|0x00000000e5300000, 0x00000000e5300000, 0x00000000e5400000|  0%| F|  |TAMS 0x00000000e5300000, 0x00000000e5300000| Untracked 
|  84|0x00000000e5400000, 0x00000000e5400000, 0x00000000e5500000|  0%| F|  |TAMS 0x00000000e5400000, 0x00000000e5400000| Untracked 
|  85|0x00000000e5500000, 0x00000000e5500000, 0x00000000e5600000|  0%| F|  |TAMS 0x00000000e5500000, 0x00000000e5500000| Untracked 
|  86|0x00000000e5600000, 0x00000000e5600000, 0x00000000e5700000|  0%| F|  |TAMS 0x00000000e5600000, 0x00000000e5600000| Untracked 
|  87|0x00000000e5700000, 0x00000000e5700000, 0x00000000e5800000|  0%| F|  |TAMS 0x00000000e5700000, 0x00000000e5700000| Untracked 
|  88|0x00000000e5800000, 0x00000000e5800000, 0x00000000e5900000|  0%| F|  |TAMS 0x00000000e5800000, 0x00000000e5800000| Untracked 
|  89|0x00000000e5900000, 0x00000000e5900000, 0x00000000e5a00000|  0%| F|  |TAMS 0x00000000e5900000, 0x00000000e5900000| Untracked 
|  90|0x00000000e5a00000, 0x00000000e5a00000, 0x00000000e5b00000|  0%| F|  |TAMS 0x00000000e5a00000, 0x00000000e5a00000| Untracked 
|  91|0x00000000e5b00000, 0x00000000e5b00000, 0x00000000e5c00000|  0%| F|  |TAMS 0x00000000e5b00000, 0x00000000e5b00000| Untracked 
|  92|0x00000000e5c00000, 0x00000000e5c00000, 0x00000000e5d00000|  0%| F|  |TAMS 0x00000000e5c00000, 0x00000000e5c00000| Untracked 
|  93|0x00000000e5d00000, 0x00000000e5d00000, 0x00000000e5e00000|  0%| F|  |TAMS 0x00000000e5d00000, 0x00000000e5d00000| Untracked 
|  94|0x00000000e5e00000, 0x00000000e5e00000, 0x00000000e5f00000|  0%| F|  |TAMS 0x00000000e5e00000, 0x00000000e5e00000| Untracked 
|  95|0x00000000e5f00000, 0x00000000e5f00000, 0x00000000e6000000|  0%| F|  |TAMS 0x00000000e5f00000, 0x00000000e5f00000| Untracked 
|  96|0x00000000e6000000, 0x00000000e6000000, 0x00000000e6100000|  0%| F|  |TAMS 0x00000000e6000000, 0x00000000e6000000| Untracked 
|  97|0x00000000e6100000, 0x00000000e61db350, 0x00000000e6200000| 85%| E|  |TAMS 0x00000000e6100000, 0x00000000e6100000| Complete 
|  98|0x00000000e6200000, 0x00000000e6300000, 0x00000000e6300000|100%| E|CS|TAMS 0x00000000e6200000, 0x00000000e6200000| Complete 
|  99|0x00000000e6300000, 0x00000000e6400000, 0x00000000e6400000|100%| E|CS|TAMS 0x00000000e6300000, 0x00000000e6300000| Complete 
| 100|0x00000000e6400000, 0x00000000e6500000, 0x00000000e6500000|100%| E|CS|TAMS 0x00000000e6400000, 0x00000000e6400000| Complete 
| 101|0x00000000e6500000, 0x00000000e6600000, 0x00000000e6600000|100%| E|CS|TAMS 0x00000000e6500000, 0x00000000e6500000| Complete 
| 102|0x00000000e6600000, 0x00000000e6700000, 0x00000000e6700000|100%| E|CS|TAMS 0x00000000e6600000, 0x00000000e6600000| Complete 
| 103|0x00000000e6700000, 0x00000000e6800000, 0x00000000e6800000|100%| E|CS|TAMS 0x00000000e6700000, 0x00000000e6700000| Complete 
| 104|0x00000000e6800000, 0x00000000e6900000, 0x00000000e6900000|100%| E|CS|TAMS 0x00000000e6800000, 0x00000000e6800000| Complete 
| 105|0x00000000e6900000, 0x00000000e6a00000, 0x00000000e6a00000|100%| E|CS|TAMS 0x00000000e6900000, 0x00000000e6900000| Complete 
| 106|0x00000000e6a00000, 0x00000000e6b00000, 0x00000000e6b00000|100%| E|CS|TAMS 0x00000000e6a00000, 0x00000000e6a00000| Complete 
| 107|0x00000000e6b00000, 0x00000000e6c00000, 0x00000000e6c00000|100%| E|CS|TAMS 0x00000000e6b00000, 0x00000000e6b00000| Complete 
| 108|0x00000000e6c00000, 0x00000000e6d00000, 0x00000000e6d00000|100%| E|CS|TAMS 0x00000000e6c00000, 0x00000000e6c00000| Complete 
| 109|0x00000000e6d00000, 0x00000000e6e00000, 0x00000000e6e00000|100%| E|CS|TAMS 0x00000000e6d00000, 0x00000000e6d00000| Complete 
| 110|0x00000000e6e00000, 0x00000000e6f00000, 0x00000000e6f00000|100%| E|CS|TAMS 0x00000000e6e00000, 0x00000000e6e00000| Complete 
| 111|0x00000000e6f00000, 0x00000000e7000000, 0x00000000e7000000|100%| E|CS|TAMS 0x00000000e6f00000, 0x00000000e6f00000| Complete 
| 112|0x00000000e7000000, 0x00000000e7100000, 0x00000000e7100000|100%| E|CS|TAMS 0x00000000e7000000, 0x00000000e7000000| Complete 
| 113|0x00000000e7100000, 0x00000000e7200000, 0x00000000e7200000|100%| E|CS|TAMS 0x00000000e7100000, 0x00000000e7100000| Complete 
| 114|0x00000000e7200000, 0x00000000e7300000, 0x00000000e7300000|100%| E|CS|TAMS 0x00000000e7200000, 0x00000000e7200000| Complete 
| 115|0x00000000e7300000, 0x00000000e7400000, 0x00000000e7400000|100%| E|CS|TAMS 0x00000000e7300000, 0x00000000e7300000| Complete 
| 116|0x00000000e7400000, 0x00000000e7500000, 0x00000000e7500000|100%| E|CS|TAMS 0x00000000e7400000, 0x00000000e7400000| Complete 
| 117|0x00000000e7500000, 0x00000000e7600000, 0x00000000e7600000|100%| E|CS|TAMS 0x00000000e7500000, 0x00000000e7500000| Complete 
| 118|0x00000000e7600000, 0x00000000e7700000, 0x00000000e7700000|100%| E|CS|TAMS 0x00000000e7600000, 0x00000000e7600000| Complete 
| 119|0x00000000e7700000, 0x00000000e7800000, 0x00000000e7800000|100%| E|CS|TAMS 0x00000000e7700000, 0x00000000e7700000| Complete 
| 120|0x00000000e7800000, 0x00000000e7900000, 0x00000000e7900000|100%| E|CS|TAMS 0x00000000e7800000, 0x00000000e7800000| Complete 
| 121|0x00000000e7900000, 0x00000000e79b6360, 0x00000000e7a00000| 71%| S|CS|TAMS 0x00000000e7900000, 0x00000000e7900000| Complete 
| 122|0x00000000e7a00000, 0x00000000e7b00000, 0x00000000e7b00000|100%| S|CS|TAMS 0x00000000e7a00000, 0x00000000e7a00000| Complete 
| 123|0x00000000e7b00000, 0x00000000e7c00000, 0x00000000e7c00000|100%| E|CS|TAMS 0x00000000e7b00000, 0x00000000e7b00000| Complete 
| 124|0x00000000e7c00000, 0x00000000e7d00000, 0x00000000e7d00000|100%| E|CS|TAMS 0x00000000e7c00000, 0x00000000e7c00000| Complete 
| 125|0x00000000e7d00000, 0x00000000e7e00000, 0x00000000e7e00000|100%| E|CS|TAMS 0x00000000e7d00000, 0x00000000e7d00000| Complete 
| 126|0x00000000e7e00000, 0x00000000e7f00000, 0x00000000e7f00000|100%| E|CS|TAMS 0x00000000e7e00000, 0x00000000e7e00000| Complete 
| 127|0x00000000e7f00000, 0x00000000e8000000, 0x00000000e8000000|100%| E|CS|TAMS 0x00000000e7f00000, 0x00000000e7f00000| Complete 

Card table byte_map: [0x0000015cbe210000,0x0000015cbe310000] _byte_map_base: 0x0000015cbdb10000

Marking Bits (Prev, Next): (CMBitMap*) 0x0000015ca49b3230, (CMBitMap*) 0x0000015ca49b31f8
 Prev Bits: [0x0000015cbec10000, 0x0000015cbf410000)
 Next Bits: [0x0000015cbe410000, 0x0000015cbec10000)

Polling page: 0x0000015ca4a60000

Metaspace:

Usage:
  Non-class:     21.33 MB capacity,    20.75 MB ( 97%) used,   496.62 KB (  2%) free+waste,    94.75 KB ( <1%) overhead. 
      Class:      3.14 MB capacity,     2.79 MB ( 89%) used,   314.13 KB ( 10%) free+waste,    48.19 KB (  1%) overhead. 
       Both:     24.47 MB capacity,    23.53 MB ( 96%) used,   810.74 KB (  3%) free+waste,   142.94 KB ( <1%) overhead. 

Virtual space:
  Non-class space:       22.00 MB reserved,      21.50 MB ( 98%) committed 
      Class space:        1.00 GB reserved,       3.25 MB ( <1%) committed 
             Both:        1.02 GB reserved,      24.75 MB (  2%) committed 

Chunk freelists:
   Non-Class:  50.00 KB
       Class:  17.00 KB
        Both:  67.00 KB

MaxMetaspaceSize: 17179869184.00 GB
CompressedClassSpaceSize: 1.00 GB
Initial GC threshold: 20.80 MB
Current GC threshold: 34.79 MB
CDS: off

CodeHeap 'non-profiled nmethods': size=120064Kb used=847Kb max_used=847Kb free=119216Kb
 bounds [0x0000015cb6370000, 0x0000015cb65e0000, 0x0000015cbd8b0000]
CodeHeap 'profiled nmethods': size=120000Kb used=4456Kb max_used=4456Kb free=115543Kb
 bounds [0x0000015caee40000, 0x0000015caf2a0000, 0x0000015cb6370000]
CodeHeap 'non-nmethods': size=5696Kb used=1185Kb max_used=1200Kb free=4510Kb
 bounds [0x0000015cae8b0000, 0x0000015caeb20000, 0x0000015caee40000]
 total_blobs=2633 nmethods=2188 adapters=358
 compilation: enabled
              stopped_count=0, restarted_count=0
 full_count=0

Compilation events (20 events):
Event: 3.185 Thread 0x0000015cc1ca4000 nmethod 2192 0x0000015caf28eb90 code [0x0000015caf28ee40, 0x0000015caf28fc18]
Event: 3.185 Thread 0x0000015cc1ca4000 2193   !   3       java.net.URL::<init> (543 bytes)
Event: 3.192 Thread 0x0000015cc1ca4000 nmethod 2193 0x0000015caf290010 code [0x0000015caf2906e0, 0x0000015caf2942e8]
Event: 3.192 Thread 0x0000015cc1ca4000 2188       3       org.springframework.core.convert.support.GenericConversionService$ConvertersForPair::add (11 bytes)
Event: 3.192 Thread 0x0000015cc1ca4000 nmethod 2188 0x0000015caf296390 code [0x0000015caf296540, 0x0000015caf296708]
Event: 3.192 Thread 0x0000015cc1ca4000 2189       3       org.springframework.core.convert.converter.GenericConverter$ConvertiblePair::<init> (27 bytes)
Event: 3.192 Thread 0x0000015cc1ca4000 nmethod 2189 0x0000015caf296810 code [0x0000015caf296a00, 0x0000015caf296ed8]
Event: 3.192 Thread 0x0000015cc1ca4000 2191       3       java.lang.Class::getGenericInfo (52 bytes)
Event: 3.194 Thread 0x0000015cc1ca4000 nmethod 2191 0x0000015caf297090 code [0x0000015caf297340, 0x0000015caf2980c8]
Event: 3.194 Thread 0x0000015cc1ca4000 2190       3       org.springframework.core.ResolvableType::resolve (16 bytes)
Event: 3.195 Thread 0x0000015cc1ca4000 nmethod 2190 0x0000015caf298590 code [0x0000015caf298740, 0x0000015caf298898]
Event: 3.195 Thread 0x0000015cc1ca4000 2194       3       org.springframework.boot.context.properties.source.SpringIterableConfigurationPropertySource$$Lambda$398/0x0000000100241440::apply (12 bytes)
Event: 3.195 Thread 0x0000015cc1ca4000 nmethod 2194 0x0000015caf298910 code [0x0000015caf298b40, 0x0000015caf2993c8]
Event: 3.195 Thread 0x0000015cc1ca4000 2195       3       java.nio.CharBuffer::arrayOffset (35 bytes)
Event: 3.196 Thread 0x0000015cc1ca4000 nmethod 2195 0x0000015caf299690 code [0x0000015caf299860, 0x0000015caf299b18]
Event: 3.222 Thread 0x0000015cc1ca4000 2196       3       java.util.BitSet::wordIndex (5 bytes)
Event: 3.223 Thread 0x0000015cc1ca4000 nmethod 2196 0x0000015caf299c90 code [0x0000015caf299e40, 0x0000015caf299f18]
Event: 3.223 Thread 0x0000015cc1ca4000 2197       3       java.util.BitSet::checkInvariants (111 bytes)
Event: 3.223 Thread 0x0000015cc1ca4000 nmethod 2197 0x0000015caf299f90 code [0x0000015caf29a140, 0x0000015caf29a278]
Event: 3.223 Thread 0x0000015cc1ca4000 2198       3       java.util.BitSet::get (69 bytes)

GC Heap History (8 events):
Event: 1.320 GC heap before
{Heap before GC invocations=0 (full 0):
 garbage-first heap   total 131072K, used 23552K [0x00000000e0000000, 0x0000000100000000)
  region size 1024K, 22 young (22528K), 0 survivors (0K)
 Metaspace       used 12807K, capacity 13104K, committed 13312K, reserved 1060864K
  class space    used 1327K, capacity 1420K, committed 1536K, reserved 1048576K
}
Event: 1.330 GC heap after
{Heap after GC invocations=1 (full 0):
 garbage-first heap   total 131072K, used 9030K [0x00000000e0000000, 0x0000000100000000)
  region size 1024K, 3 young (3072K), 3 survivors (3072K)
 Metaspace       used 12807K, capacity 13104K, committed 13312K, reserved 1060864K
  class space    used 1327K, capacity 1420K, committed 1536K, reserved 1048576K
}
Event: 1.598 GC heap before
{Heap before GC invocations=1 (full 0):
 garbage-first heap   total 131072K, used 18246K [0x00000000e0000000, 0x0000000100000000)
  region size 1024K, 12 young (12288K), 3 survivors (3072K)
 Metaspace       used 14300K, capacity 14729K, committed 15104K, reserved 1062912K
  class space    used 1520K, capacity 1671K, committed 1792K, reserved 1048576K
}
Event: 1.603 GC heap after
{Heap after GC invocations=2 (full 0):
 garbage-first heap   total 131072K, used 9476K [0x00000000e0000000, 0x0000000100000000)
  region size 1024K, 1 young (1024K), 1 survivors (1024K)
 Metaspace       used 14300K, capacity 14729K, committed 15104K, reserved 1062912K
  class space    used 1520K, capacity 1671K, committed 1792K, reserved 1048576K
}
Event: 2.434 GC heap before
{Heap before GC invocations=2 (full 0):
 garbage-first heap   total 131072K, used 46340K [0x00000000e0000000, 0x0000000100000000)
  region size 1024K, 37 young (37888K), 1 survivors (1024K)
 Metaspace       used 19399K, capacity 20049K, committed 20224K, reserved 1067008K
  class space    used 2184K, capacity 2454K, committed 2560K, reserved 1048576K
}
Event: 2.437 GC heap after
{Heap after GC invocations=3 (full 0):
 garbage-first heap   total 131072K, used 10566K [0x00000000e0000000, 0x0000000100000000)
  region size 1024K, 2 young (2048K), 2 survivors (2048K)
 Metaspace       used 19399K, capacity 20049K, committed 20224K, reserved 1067008K
  class space    used 2184K, capacity 2454K, committed 2560K, reserved 1048576K
}
Event: 2.553 GC heap before
{Heap before GC invocations=3 (full 0):
 garbage-first heap   total 131072K, used 14662K [0x00000000e0000000, 0x0000000100000000)
  region size 1024K, 7 young (7168K), 2 survivors (2048K)
 Metaspace       used 20507K, capacity 21181K, committed 21248K, reserved 1069056K
  class space    used 2295K, capacity 2555K, committed 2560K, reserved 1048576K
}
Event: 2.556 GC heap after
{Heap after GC invocations=4 (full 0):
 garbage-first heap   total 131072K, used 10788K [0x00000000e0000000, 0x0000000100000000)
  region size 1024K, 2 young (2048K), 2 survivors (2048K)
 Metaspace       used 20507K, capacity 21181K, committed 21248K, reserved 1069056K
  class space    used 2295K, capacity 2555K, committed 2560K, reserved 1048576K
}

Deoptimization events (20 events):
Event: 2.801 Thread 0x0000015ca498b800 Uncommon trap: trap_request=0xffffff4d fr.pc=0x0000015cb63eec08 relative=0x0000000000000268
Event: 2.801 Thread 0x0000015ca498b800 Uncommon trap: reason=unstable_if action=reinterpret pc=0x0000015cb63eec08 method=jdk.internal.org.objectweb.asm.Type.getArgumentsAndReturnSizes(Ljava/lang/String;)I @ 136 c2
Event: 2.801 Thread 0x0000015ca498b800 DEOPT PACKING pc=0x0000015cb63eec08 sp=0x00000010214f8500
Event: 2.801 Thread 0x0000015ca498b800 DEOPT UNPACKING pc=0x0000015cae8fa1af sp=0x00000010214f8498 mode 2
Event: 2.915 Thread 0x0000015ca498b800 Uncommon trap: trap_request=0xffffff4d fr.pc=0x0000015cb6426700 relative=0x0000000000002580
Event: 2.916 Thread 0x0000015ca498b800 Uncommon trap: reason=unstable_if action=reinterpret pc=0x0000015cb6426700 method=java.net.URLStreamHandler.parseURL(Ljava/net/URL;Ljava/lang/String;II)V @ 725 c2
Event: 2.916 Thread 0x0000015ca498b800 DEOPT PACKING pc=0x0000015cb6426700 sp=0x00000010214fabd0
Event: 2.916 Thread 0x0000015ca498b800 DEOPT UNPACKING pc=0x0000015cae8fa1af sp=0x00000010214fab68 mode 2
Event: 2.918 Thread 0x0000015ca498b800 Uncommon trap: trap_request=0xffffff4d fr.pc=0x0000015cb6421440 relative=0x0000000000000280
Event: 2.918 Thread 0x0000015ca498b800 Uncommon trap: reason=unstable_if action=reinterpret pc=0x0000015cb6421440 method=java.lang.String.indexOf([BBILjava/lang/String;I)I @ 21 c2
Event: 2.918 Thread 0x0000015ca498b800 DEOPT PACKING pc=0x0000015cb6421440 sp=0x00000010214fab60
Event: 2.918 Thread 0x0000015ca498b800 DEOPT UNPACKING pc=0x0000015cae8fa1af sp=0x00000010214faac8 mode 2
Event: 2.919 Thread 0x0000015ca498b800 Uncommon trap: trap_request=0xffffff45 fr.pc=0x0000015cb640da5c relative=0x000000000000147c
Event: 2.919 Thread 0x0000015ca498b800 Uncommon trap: reason=unstable_fused_if action=reinterpret pc=0x0000015cb640da5c method=java.io.WinNTFileSystem.isLetter(C)Z @ 3 c2
Event: 2.919 Thread 0x0000015ca498b800 DEOPT PACKING pc=0x0000015cb640da5c sp=0x00000010214faaa0
Event: 2.919 Thread 0x0000015ca498b800 DEOPT UNPACKING pc=0x0000015cae8fa1af sp=0x00000010214fa980 mode 2
Event: 3.183 Thread 0x0000015ca498b800 Uncommon trap: trap_request=0xffffff4d fr.pc=0x0000015cb641736c relative=0x00000000000012cc
Event: 3.183 Thread 0x0000015ca498b800 Uncommon trap: reason=unstable_if action=reinterpret pc=0x0000015cb641736c method=java.net.URL.<init>(Ljava/net/URL;Ljava/lang/String;Ljava/net/URLStreamHandler;)V @ 347 c2
Event: 3.183 Thread 0x0000015ca498b800 DEOPT PACKING pc=0x0000015cb641736c sp=0x00000010214fba90
Event: 3.183 Thread 0x0000015ca498b800 DEOPT UNPACKING pc=0x0000015cae8fa1af sp=0x00000010214fba20 mode 2

Classes redefined (0 events):
No events

Internal exceptions (20 events):
Event: 2.655 Thread 0x0000015ca498b800 Exception <a 'java/lang/IncompatibleClassChangeError'{0x00000000e78067d0}: Found class java.lang.Object, but interface was expected> (0x00000000e78067d0) thrown at [./src/hotspot/share/interpreter/linkResolver.cpp, line 839]
Event: 2.795 Thread 0x0000015ca498b800 Exception <a 'java/lang/NoSuchMethodError'{0x00000000e72a0e68}: 'java.lang.Object java.lang.invoke.DirectMethodHandle$Holder.invokeStatic(java.lang.Object, java.lang.Object, java.lang.Object, java.lang.Object, java.lang.Object, java.lang.Object, java.lang.Object, java.lang.Object, java.lang.Object, java.lang.Object, java.lang.Object, java.lang.Object, java.lang.Object, java.lang.Object, java.lang.Object)'> (0x00000000e72a0e68) thrown at [./src/hotspot/share/interpreter/linkResolver.cpp, line 773]
Event: 2.797 Thread 0x0000015ca498b800 Exception <a 'java/lang/NoSuchMethodError'{0x00000000e72af580}: 'java.lang.Object java.lang.invoke.DirectMethodHandle$Holder.invokeStatic(java.lang.Object, java.lang.Object, java.lang.Object, java.lang.Object, java.lang.Object, java.lang.Object, java.lang.Object, java.lang.Object, java.lang.Object, java.lang.Object, java.lang.Object, java.lang.Object, java.lang.Object, java.lang.Object, java.lang.Object, java.lang.Object)'> (0x00000000e72af580) thrown at [./src/hotspot/share/interpreter/linkResolver.cpp, l
Event: 2.798 Thread 0x0000015ca498b800 Exception <a 'java/lang/NoSuchMethodError'{0x00000000e72bdc90}: 'java.lang.Object java.lang.invoke.DirectMethodHandle$Holder.invokeSpecial(java.lang.Object, java.lang.Object, int, int, java.lang.Object, java.lang.Object, java.lang.Object, java.lang.Object)'> (0x00000000e72bdc90) thrown at [./src/hotspot/share/interpreter/linkResolver.cpp, line 773]
Event: 2.798 Thread 0x0000015ca498b800 Exception <a 'java/lang/NoSuchMethodError'{0x00000000e72c1bc0}: 'java.lang.Object java.lang.invoke.DelegatingMethodHandle$Holder.reinvoke_L(java.lang.Object, int, int, java.lang.Object, java.lang.Object, java.lang.Object, java.lang.Object)'> (0x00000000e72c1bc0) thrown at [./src/hotspot/share/interpreter/linkResolver.cpp, line 773]
Event: 2.799 Thread 0x0000015ca498b800 Exception <a 'java/lang/NoSuchMethodError'{0x00000000e72d0d70}: 'java.lang.Object java.lang.invoke.DirectMethodHandle$Holder.invokeStatic(java.lang.Object, java.lang.Object, java.lang.Object, java.lang.Object, java.lang.Object, java.lang.Object, int)'> (0x00000000e72d0d70) thrown at [./src/hotspot/share/interpreter/linkResolver.cpp, line 773]
Event: 2.810 Thread 0x0000015ca498b800 Exception <a 'java/io/FileNotFoundException'{0x00000000e715ddb0}> (0x00000000e715ddb0) thrown at [./src/hotspot/share/prims/jni.cpp, line 617]
Event: 2.820 Thread 0x0000015ca498b800 Exception <a 'java/lang/NoSuchMethodError'{0x00000000e71ab9a8}: 'void java.lang.invoke.DirectMethodHandle$Holder.invokeStaticInit(java.lang.Object, java.lang.Object, java.lang.Object, java.lang.Object)'> (0x00000000e71ab9a8) thrown at [./src/hotspot/share/interpreter/linkResolver.cpp, line 773]
Event: 2.824 Thread 0x0000015ca498b800 Exception <a 'java/lang/IncompatibleClassChangeError'{0x00000000e71cbe28}: Found class java.lang.Object, but interface was expected> (0x00000000e71cbe28) thrown at [./src/hotspot/share/interpreter/linkResolver.cpp, line 839]
Event: 2.844 Thread 0x0000015ca498b800 Exception <a 'java/lang/NoSuchMethodError'{0x00000000e70c91c8}: 'int java.lang.invoke.DirectMethodHandle$Holder.invokeSpecial(java.lang.Object, java.lang.Object, java.lang.Object, java.lang.Object)'> (0x00000000e70c91c8) thrown at [./src/hotspot/share/interpreter/linkResolver.cpp, line 773]
Event: 2.871 Thread 0x0000015ca498b800 Exception <a 'java/lang/NoSuchMethodError'{0x00000000e6fcfd60}: 'void java.lang.invoke.DirectMethodHandle$Holder.invokeStatic(java.lang.Object, java.lang.Object, java.lang.Object, java.lang.Object, java.lang.Object, java.lang.Object)'> (0x00000000e6fcfd60) thrown at [./src/hotspot/share/interpreter/linkResolver.cpp, line 773]
Event: 2.883 Thread 0x0000015ca498b800 Exception <a 'java/lang/NoSuchMethodError'{0x00000000e6e73e18}: 'java.lang.Object java.lang.invoke.DirectMethodHandle$Holder.invokeSpecial(java.lang.Object, java.lang.Object, java.lang.Object, java.lang.Object, java.lang.Object, java.lang.Object, int)'> (0x00000000e6e73e18) thrown at [./src/hotspot/share/interpreter/linkResolver.cpp, line 773]
Event: 2.884 Thread 0x0000015ca498b800 Exception <a 'java/lang/NoSuchMethodError'{0x00000000e6e7e070}: 'java.lang.Object java.lang.invoke.DirectMethodHandle$Holder.invokeSpecial(java.lang.Object, java.lang.Object, java.lang.Object, java.lang.Object, java.lang.Object, java.lang.Object, java.lang.Object, int)'> (0x00000000e6e7e070) thrown at [./src/hotspot/share/interpreter/linkResolver.cpp, line 773]
Event: 2.884 Thread 0x0000015ca498b800 Exception <a 'java/lang/NoSuchMethodError'{0x00000000e6e82710}: 'java.lang.Object java.lang.invoke.Invokers$Holder.linkToTargetMethod(java.lang.Object, java.lang.Object, java.lang.Object, java.lang.Object, java.lang.Object, int, java.lang.Object)'> (0x00000000e6e82710) thrown at [./src/hotspot/share/interpreter/linkResolver.cpp, line 773]
Event: 2.915 Thread 0x0000015ca498b800 Implicit null exception at 0x0000015cb642447a to 0x0000015cb64266ec
Event: 2.963 Thread 0x0000015ca498b800 Exception <a 'java/lang/NoSuchMethodError'{0x00000000e6a09640}: 'java.lang.Object java.lang.invoke.DirectMethodHandle$Holder.invokeStatic(java.lang.Object, java.lang.Object, java.lang.Object, int, java.lang.Object)'> (0x00000000e6a09640) thrown at [./src/hotspot/share/interpreter/linkResolver.cpp, line 773]
Event: 2.964 Thread 0x0000015ca498b800 Exception <a 'java/lang/NoSuchMethodError'{0x00000000e6a10840}: 'java.lang.Object java.lang.invoke.Invokers$Holder.linkToTargetMethod(java.lang.Object, java.lang.Object, int, java.lang.Object, java.lang.Object)'> (0x00000000e6a10840) thrown at [./src/hotspot/share/interpreter/linkResolver.cpp, line 773]
Event: 2.965 Thread 0x0000015ca498b800 Exception <a 'java/lang/NoSuchMethodError'{0x00000000e6a1d698}: 'int java.lang.invoke.DirectMethodHandle$Holder.invokeStatic(java.lang.Object, int, java.lang.Object, java.lang.Object)'> (0x00000000e6a1d698) thrown at [./src/hotspot/share/interpreter/linkResolver.cpp, line 773]
Event: 3.017 Thread 0x0000015ca498b800 Exception <a 'java/lang/NoSuchMethodError'{0x00000000e69fd048}: 'void java.lang.invoke.DirectMethodHandle$Holder.invokeStaticInit(java.lang.Object, java.lang.Object)'> (0x00000000e69fd048) thrown at [./src/hotspot/share/interpreter/linkResolver.cpp, line 773]
Event: 3.186 Thread 0x0000015cc40c3000 Exception <a 'java/lang/NoClassDefFoundError'{0x00000000e63a8520}: javax/validation/Validation> (0x00000000e63a8520) thrown at [./src/hotspot/share/classfile/systemDictionary.cpp, line 219]

Events (20 events):
Event: 3.218 loading class org/springframework/util/LinkedCaseInsensitiveMap done
Event: 3.218 loading class org/springframework/beans/factory/config/BeanPostProcessor
Event: 3.218 loading class org/springframework/beans/factory/config/BeanPostProcessor done
Event: 3.219 Executing VM operation: RevokeBias
Event: 3.220 Executing VM operation: RevokeBias done
Event: 3.220 Executing VM operation: RevokeBias
Event: 3.221 Executing VM operation: RevokeBias done
Event: 3.221 loading class org/springframework/util/LinkedCaseInsensitiveMap$1
Event: 3.221 loading class org/springframework/util/LinkedCaseInsensitiveMap$1 done
Event: 3.221 loading class org/springframework/context/support/ContextTypeMatchClassLoader
Event: 3.221 loading class org/springframework/context/support/ContextTypeMatchClassLoader done
Event: 3.222 loading class org/springframework/core/SmartClassLoader
Event: 3.222 loading class org/springframework/core/SmartClassLoader done
Event: 3.222 loading class org/springframework/util/MimeType
Event: 3.222 loading class org/springframework/util/MimeType done
Event: 3.222 loading class org/springframework/core/DecoratingClassLoader
Event: 3.222 loading class org/springframework/core/DecoratingClassLoader done
Event: 3.223 loading class org/springframework/http/MediaType
Event: 3.223 loading class org/springframework/http/MediaType done
Event: 3.223 Executing VM operation: RevokeBias


Dynamic libraries:
0x00007ff758340000 - 0x00007ff75834d000 	C:\Program Files\Eclipse Adoptium\jdk-11.0.16.101-hotspot\bin\java.exe
0x00007ffa66790000 - 0x00007ffa66988000 	C:\Windows\SYSTEM32\ntdll.dll
0x00007ffa66630000 - 0x00007ffa666ef000 	C:\Windows\System32\KERNEL32.DLL
0x00007ffa64120000 - 0x00007ffa643f2000 	C:\Windows\System32\KERNELBASE.dll
0x00007ffa63f80000 - 0x00007ffa64080000 	C:\Windows\System32\ucrtbase.dll
0x00007ffa5ead0000 - 0x00007ffa5eae7000 	C:\Program Files\Eclipse Adoptium\jdk-11.0.16.101-hotspot\bin\jli.dll
0x00007ffa5b650000 - 0x00007ffa5b665000 	C:\Program Files\Eclipse Adoptium\jdk-11.0.16.101-hotspot\bin\VCRUNTIME140.dll
0x00007ffa66050000 - 0x00007ffa661f1000 	C:\Windows\System32\USER32.dll
0x00007ffa4e150000 - 0x00007ffa4e3ea000 	C:\Windows\WinSxS\amd64_microsoft.windows.common-controls_6595b64144ccf1df_6.0.19041.1110_none_60b5254171f9507e\COMCTL32.dll
0x00007ffa64560000 - 0x00007ffa64582000 	C:\Windows\System32\win32u.dll
0x00007ffa66300000 - 0x00007ffa6639e000 	C:\Windows\System32\msvcrt.dll
0x00007ffa65570000 - 0x00007ffa6559b000 	C:\Windows\System32\GDI32.dll
0x00007ffa645c0000 - 0x00007ffa646cf000 	C:\Windows\System32\gdi32full.dll
0x00007ffa64080000 - 0x00007ffa6411d000 	C:\Windows\System32\msvcp_win.dll
0x00007ffa64ba0000 - 0x00007ffa64bd2000 	C:\Windows\System32\IMM32.DLL
0x00007ffa42030000 - 0x00007ffa420cb000 	C:\Program Files\Eclipse Adoptium\jdk-11.0.16.101-hotspot\bin\msvcp140.dll
0x00007ffa00d80000 - 0x00007ffa01902000 	C:\Program Files\Eclipse Adoptium\jdk-11.0.16.101-hotspot\bin\server\jvm.dll
0x00007ffa64c40000 - 0x00007ffa64cee000 	C:\Windows\System32\ADVAPI32.dll
0x00007ffa663a0000 - 0x00007ffa6643c000 	C:\Windows\System32\sechost.dll
0x00007ffa64cf0000 - 0x00007ffa64e15000 	C:\Windows\System32\RPCRT4.dll
0x00007ffa64900000 - 0x00007ffa64908000 	C:\Windows\System32\PSAPI.DLL
0x00007ffa4ee40000 - 0x00007ffa4ee49000 	C:\Windows\SYSTEM32\WSOCK32.dll
0x00007ffa57250000 - 0x00007ffa57277000 	C:\Windows\SYSTEM32\WINMM.dll
0x00007ffa5e1d0000 - 0x00007ffa5e1da000 	C:\Windows\SYSTEM32\VERSION.dll
0x00007ffa66560000 - 0x00007ffa665cb000 	C:\Windows\System32\WS2_32.dll
0x00007ffa61c40000 - 0x00007ffa61c52000 	C:\Windows\SYSTEM32\kernel.appcore.dll
0x00007ffa58320000 - 0x00007ffa58330000 	C:\Program Files\Eclipse Adoptium\jdk-11.0.16.101-hotspot\bin\verify.dll
0x00007ffa5c7d0000 - 0x00007ffa5c9b4000 	C:\Windows\SYSTEM32\DBGHELP.DLL
0x00007ffa5d370000 - 0x00007ffa5d3a5000 	C:\Windows\SYSTEM32\dbgcore.DLL
0x00007ffa64740000 - 0x00007ffa647c2000 	C:\Windows\System32\bcryptPrimitives.dll
0x00007ffa50780000 - 0x00007ffa507a8000 	C:\Program Files\Eclipse Adoptium\jdk-11.0.16.101-hotspot\bin\java.dll
0x00007ffa57090000 - 0x00007ffa5709a000 	C:\Program Files\Eclipse Adoptium\jdk-11.0.16.101-hotspot\bin\jimage.dll
0x00007ffa50760000 - 0x00007ffa50778000 	C:\Program Files\Eclipse Adoptium\jdk-11.0.16.101-hotspot\bin\zip.dll
0x00007ffa64e20000 - 0x00007ffa65564000 	C:\Windows\System32\SHELL32.dll
0x00007ffa61f20000 - 0x00007ffa626b2000 	C:\Windows\SYSTEM32\windows.storage.dll
0x00007ffa65cf0000 - 0x00007ffa66045000 	C:\Windows\System32\combase.dll
0x00007ffa63720000 - 0x00007ffa63750000 	C:\Windows\SYSTEM32\Wldp.dll
0x00007ffa65c30000 - 0x00007ffa65cdd000 	C:\Windows\System32\SHCORE.dll
0x00007ffa64be0000 - 0x00007ffa64c35000 	C:\Windows\System32\shlwapi.dll
0x00007ffa63dc0000 - 0x00007ffa63ddf000 	C:\Windows\SYSTEM32\profapi.dll
0x00007ffa46fc0000 - 0x00007ffa46fd9000 	C:\Program Files\Eclipse Adoptium\jdk-11.0.16.101-hotspot\bin\net.dll
0x00007ffa5df30000 - 0x00007ffa5e03c000 	C:\Windows\SYSTEM32\WINHTTP.dll
0x00007ffa63500000 - 0x00007ffa6356a000 	C:\Windows\system32\mswsock.dll
0x00007ffa445d0000 - 0x00007ffa445e3000 	C:\Program Files\Eclipse Adoptium\jdk-11.0.16.101-hotspot\bin\nio.dll
0x00007ffa63760000 - 0x00007ffa63778000 	C:\Windows\SYSTEM32\CRYPTSP.dll
0x00007ffa62e40000 - 0x00007ffa62e74000 	C:\Windows\system32\rsaenh.dll
0x00007ffa64590000 - 0x00007ffa645b7000 	C:\Windows\System32\bcrypt.dll
0x00007ffa63d80000 - 0x00007ffa63dae000 	C:\Windows\SYSTEM32\USERENV.dll
0x00007ffa63690000 - 0x00007ffa6369c000 	C:\Windows\SYSTEM32\CRYPTBASE.dll
0x00007ffa63210000 - 0x00007ffa6324b000 	C:\Windows\SYSTEM32\IPHLPAPI.DLL
0x00007ffa65ce0000 - 0x00007ffa65ce8000 	C:\Windows\System32\NSI.dll
0x00007ffa5e970000 - 0x00007ffa5e987000 	C:\Windows\SYSTEM32\dhcpcsvc6.DLL
0x00007ffa5e800000 - 0x00007ffa5e81d000 	C:\Windows\SYSTEM32\dhcpcsvc.DLL
0x00007ffa63250000 - 0x00007ffa6331a000 	C:\Windows\SYSTEM32\DNSAPI.dll
0x00007ffa474a0000 - 0x00007ffa474a9000 	C:\Program Files\Eclipse Adoptium\jdk-11.0.16.101-hotspot\bin\management.dll
0x00007ffa46430000 - 0x00007ffa4643b000 	C:\Program Files\Eclipse Adoptium\jdk-11.0.16.101-hotspot\bin\management_ext.dll
0x00007ffa49ac0000 - 0x00007ffa49ad7000 	C:\Windows\system32\napinsp.dll
0x00007ffa49aa0000 - 0x00007ffa49abb000 	C:\Windows\system32\pnrpnsp.dll
0x00007ffa46d10000 - 0x00007ffa46d25000 	C:\Windows\system32\wshbth.dll
0x00007ffa5ea10000 - 0x00007ffa5ea2d000 	C:\Windows\system32\NLAapi.dll
0x00007ffa46cf0000 - 0x00007ffa46d02000 	C:\Windows\System32\winrnr.dll
0x00007ffa5bc90000 - 0x00007ffa5bc9a000 	C:\Windows\System32\rasadhlp.dll
0x00007ffa5bbc0000 - 0x00007ffa5bc40000 	C:\Windows\System32\fwpuclnt.dll

dbghelp: loaded successfully - version: 4.0.5 - missing functions: none
symbol engine: initialized successfully - sym options: 0x614 - pdb path: .;C:\Program Files\Eclipse Adoptium\jdk-11.0.16.101-hotspot\bin;C:\Windows\SYSTEM32;C:\Windows\WinSxS\amd64_microsoft.windows.common-controls_6595b64144ccf1df_6.0.19041.1110_none_60b5254171f9507e;C:\Program Files\Eclipse Adoptium\jdk-11.0.16.101-hotspot\bin\server

VM Arguments:
jvm_args: -Dorg.gradle.internal.worker.tmpdir=D:\WorkSpace\WorkSpace-MindHub\Modulo-Java\HomeBanking-task-3\build\tmp\test\work -Dorg.gradle.native=false -Xmx512m -Dfile.encoding=windows-1252 -Duser.country=AR -Duser.language=es -Duser.variant -ea 
java_command: worker.org.gradle.process.internal.worker.GradleWorkerMain 'Gradle Test Executor 2'
java_class_path (initial): C:\\Users\\Pedro\\.gradle\\caches\\7.5.1\\workerMain\\gradle-worker.jar;D:\\WorkSpace\\WorkSpace-MindHub\\Modulo-Java\\HomeBanking-task-3\\build\\classes\\java\\test;D:\\WorkSpace\\WorkSpace-MindHub\\Modulo-Java\\HomeBanking-task-3\\build\\classes\\java\\main;D:\\WorkSpace\\WorkSpace-MindHub\\Modulo-Java\\HomeBanking-task-3\\build\\resources\\main;C:\\Users\\Pedro\\.gradle\\caches\\modules-2\\files-2.1\\org.springframework.boot\\spring-boot-starter-data-jpa\\2.7.5\\b83184467079d5b808fb2f9fbc858b1804975808\\spring-boot-starter-data-jpa-2.7.5.jar;C:\\Users\\Pedro\\.gradle\\caches\\modules-2\\files-2.1\\org.springframework.boot\\spring-boot-starter-data-rest\\2.7.5\\ee56179e7ee634fccb1744e7c19ceb2a7743317c\\spring-boot-starter-data-rest-2.7.5.jar;C:\\Users\\Pedro\\.gradle\\caches\\modules-2\\files-2.1\\org.springframework.boot\\spring-boot-starter-web\\2.7.5\\bb4099d0466a62c3b11ab9323babca13bb430a2e\\spring-boot-starter-web-2.7.5.jar;C:\\Users\\Pedro\\.gradle\\caches\\modules-2\\files-2.1\\org.springframework.boot\\spring-boot-starter-security\\2.7.5\\cc83d58be6861484d25ae9e2fc6db6564062140d\\spring-boot-starter-security-2.7.5.jar;C:\\Users\\Pedro\\.gradle\\caches\\modules-2\\files-2.1\\org.postgresql\\postgresql\\42.3.7\\1b4a36e733974ac465aa9dc972236a32ce75bb25\\postgresql-42.3.7.jar;C:\\Users\\Pedro\\.gradle\\caches\\modules-2\\files-2.1\\org.springframework.data\\spring-data-rest-webmvc\\3.7.5\\ea6e7837b2623257f823558821b48618b0dfa169\\spring-data-rest-webmvc-3.7.5.jar;C:\\Users\\Pedro\\.gradle\\caches\\modules-2\\files-2.1\\org.springframework.boot\\spring-boot-starter-json\\2.7.5\\9c7df04ff37b2e7471632ddeb4a296c5fb6bddee\\spring-boot-starter-json-2.7.5.jar;C:\\Users\\Pedro\\.gradle\\caches\\modules-2\\files-2.1\\org.springframework.data\\spring-data-rest-core\\3.7.5\\1b1b4bea07f44ca7a2eeecf7d5bb3b39191b009a\\spring-data-rest-core-3.7.5.jar;C:\\Users\\Pedro\\.gradle\\caches\\modules-2\\files-2.1\\com.fasterxml.jackson.datatype\\jackson-
Launcher Type: SUN_STANDARD

[Global flags]
     intx CICompilerCount                          = 3                                         {product} {ergonomic}
     uint ConcGCThreads                            = 2                                         {product} {ergonomic}
     uint G1ConcRefinementThreads                  = 6                                         {product} {ergonomic}
   size_t G1HeapRegionSize                         = 1048576                                   {product} {ergonomic}
    uintx GCDrainStackTargetSize                   = 64                                        {product} {ergonomic}
   size_t InitialHeapSize                          = 134217728                                 {product} {ergonomic}
   size_t MarkStackSize                            = 4194304                                   {product} {ergonomic}
   size_t MaxHeapSize                              = 536870912                                 {product} {command line}
   size_t MaxNewSize                               = 321912832                                 {product} {ergonomic}
   size_t MinHeapDeltaBytes                        = 1048576                                   {product} {ergonomic}
    uintx NonNMethodCodeHeapSize                   = 5830732                                {pd product} {ergonomic}
    uintx NonProfiledCodeHeapSize                  = 122913754                              {pd product} {ergonomic}
    uintx ProfiledCodeHeapSize                     = 122913754                              {pd product} {ergonomic}
    uintx ReservedCodeCacheSize                    = 251658240                              {pd product} {ergonomic}
     bool SegmentedCodeCache                       = true                                      {product} {ergonomic}
     bool UseCompressedClassPointers               = true                                 {lp64_product} {ergonomic}
     bool UseCompressedOops                        = true                                 {lp64_product} {ergonomic}
     bool UseG1GC                                  = true                                      {product} {ergonomic}
     bool UseLargePagesIndividualAllocation        = false                                  {pd product} {ergonomic}

Logging:
Log output configuration:
 #0: stdout all=warning uptime,level,tags
 #1: stderr all=off uptime,level,tags

Environment Variables:
PATH=C:\Program Files\Eclipse Adoptium\jdk-11.0.16.101-hotspot\bin;C:\Program Files\Eclipse Adoptium\jdk-8.0.345.1-hotspot\bin;C:\Program Files (x86)\Common Files\Oracle\Java\javapath;C:\Windows\system32;C:\Windows;C:\Windows\System32\Wbem;C:\Windows\System32\WindowsPowerShell\v1.0\;C:\Windows\System32\OpenSSH\;C:\Program Files (x86)\NVIDIA Corporation\PhysX\Common;C:\Program Files\NVIDIA Corporation\NVIDIA NvDLISR;C:\Program Files\nodejs\;C:\Program Files\Git\cmd;C:\Program Files\Docker\Docker\resources\bin;C:\Users\Pedro\AppData\Local\Programs\Python\Python310\Scripts\;C:\Users\Pedro\AppData\Local\Programs\Python\Python310\;C:\Program Files\MySQL\MySQL Shell 8.0\bin\;C:\Users\Pedro\AppData\Local\Microsoft\WindowsApps;C:\Users\Pedro\AppData\Roaming\npm;C:\Users\Pedro\AppData\Local\Programs\Microsoft VS Code\bin;C:\Users\Pedro\AppData\Local\GitHubDesktop\bin;C:\Program Files\heroku\bin
USERNAME=Pedro
OS=Windows_NT
PROCESSOR_IDENTIFIER=AMD64 Family 21 Model 2 Stepping 0, AuthenticAMD
TMP=C:\Users\Pedro\AppData\Local\Temp
TEMP=C:\Users\Pedro\AppData\Local\Temp



---------------  S Y S T E M  ---------------

OS: Windows 10 , 64 bit Build 19041 (10.0.19041.2364)
OS uptime: 0 days 0:50 hours
Hyper-V role detected

CPU:total 6 (initial active 6) (6 cores per cpu, 1 threads per core) family 21 model 2 stepping 0 microcode 0x0, cmov, cx8, fxsr, mmx, sse, sse2, sse3, ssse3, sse4.1, sse4.2, popcnt, avx, aes, clmul, mmxext, 3dnowpref, lzcnt, sse4a, tsc, tscinvbit, tscinv, bmi1, fma

Memory: 4k page, system-wide physical 8158M (401M free)
TotalPageFile size 12158M (AvailPageFile size 2M)
current process WorkingSet (physical memory assigned to process): 145M, peak: 145M
current process commit charge ("private bytes"): 264M, peak: 264M

vm_info: OpenJDK 64-Bit Server VM (11.0.16.1+1) for windows-amd64 JRE (11.0.16.1+1), built on Aug 16 2022 02:58:04 by "" with MS VC++ 15.9 (VS2017)

END.
